2019-09-06 16:48:49.647  INFO 12476 --- [restartedMain] com.jnshu.json.JsonApplication           : Starting JsonApplication on DESKTOP-RC36OUC with PID 12476 (C:\Task9\json\target\classes started by liweichuan in C:\Task9\json)
2019-09-06 16:48:49.653 DEBUG 12476 --- [restartedMain] com.jnshu.json.JsonApplication           : Running with Spring Boot v2.1.8.RELEASE, Spring v5.1.9.RELEASE
2019-09-06 16:48:49.654  INFO 12476 --- [restartedMain] com.jnshu.json.JsonApplication           : The following profiles are active: test
2019-09-06 16:48:49.743  INFO 12476 --- [restartedMain] .e.DevToolsPropertyDefaultsPostProcessor : Devtools property defaults active! Set 'spring.devtools.add-properties' to 'false' to disable
2019-09-06 16:48:49.744  INFO 12476 --- [restartedMain] .e.DevToolsPropertyDefaultsPostProcessor : For additional web related logging consider setting the 'logging.level.web' property to 'DEBUG'
2019-09-06 16:48:51.262  INFO 12476 --- [restartedMain] .s.d.r.c.RepositoryConfigurationDelegate : Bootstrapping Spring Data repositories in DEFAULT mode.
2019-09-06 16:48:51.381  INFO 12476 --- [restartedMain] .s.d.r.c.RepositoryConfigurationDelegate : Finished Spring Data repository scanning in 105ms. Found 2 repository interfaces.
2019-09-06 16:48:51.907  INFO 12476 --- [restartedMain] trationDelegate$BeanPostProcessorChecker : Bean 'org.springframework.transaction.annotation.ProxyTransactionManagementConfiguration' of type [org.springframework.transaction.annotation.ProxyTransactionManagementConfiguration$$EnhancerBySpringCGLIB$$de741de1] is not eligible for getting processed by all BeanPostProcessors (for example: not eligible for auto-proxying)
2019-09-06 16:48:52.362  INFO 12476 --- [restartedMain] o.s.b.w.embedded.tomcat.TomcatWebServer  : Tomcat initialized with port(s): 8080 (http)
2019-09-06 16:48:52.389  INFO 12476 --- [restartedMain] o.apache.catalina.core.StandardService   : Starting service [Tomcat]
2019-09-06 16:48:52.389  INFO 12476 --- [restartedMain] org.apache.catalina.core.StandardEngine  : Starting Servlet engine: [Apache Tomcat/9.0.24]
2019-09-06 16:48:52.397  INFO 12476 --- [restartedMain] o.a.catalina.core.AprLifecycleListener   : An older version [1.2.21] of the APR based Apache Tomcat Native library is installed, while Tomcat recommends a minimum version of [1.2.23]
2019-09-06 16:48:52.398  INFO 12476 --- [restartedMain] o.a.catalina.core.AprLifecycleListener   : Loaded APR based Apache Tomcat Native library [1.2.21] using APR version [1.6.5].
2019-09-06 16:48:52.399  INFO 12476 --- [restartedMain] o.a.catalina.core.AprLifecycleListener   : APR capabilities: IPv6 [true], sendfile [true], accept filters [false], random [true].
2019-09-06 16:48:52.399  INFO 12476 --- [restartedMain] o.a.catalina.core.AprLifecycleListener   : APR/OpenSSL configuration: useAprConnector [false], useOpenSSL [true]
2019-09-06 16:48:52.412  INFO 12476 --- [restartedMain] o.a.catalina.core.AprLifecycleListener   : OpenSSL successfully initialized [OpenSSL 1.1.1a  20 Nov 2018]
2019-09-06 16:48:52.752  INFO 12476 --- [restartedMain] org.apache.jasper.servlet.TldScanner     : At least one JAR was scanned for TLDs yet contained no TLDs. Enable debug logging for this logger for a complete list of JARs that were scanned but no TLDs were found in them. Skipping unneeded JARs during scanning can improve startup time and JSP compilation time.
2019-09-06 16:48:52.761  INFO 12476 --- [restartedMain] o.a.c.c.C.[Tomcat].[localhost].[/]       : Initializing Spring embedded WebApplicationContext
2019-09-06 16:48:52.761  INFO 12476 --- [restartedMain] o.s.web.context.ContextLoader            : Root WebApplicationContext: initialization completed in 3017 ms
2019-09-06 16:48:52.815  INFO 12476 --- [restartedMain] c.a.d.s.b.a.DruidDataSourceAutoConfigure : Init DruidDataSource
2019-09-06 16:48:54.978  INFO 12476 --- [restartedMain] com.alibaba.druid.pool.DruidDataSource   : {dataSource-1} inited
2019-09-06 16:48:55.099  INFO 12476 --- [restartedMain] o.hibernate.jpa.internal.util.LogHelper  : HHH000204: Processing PersistenceUnitInfo [
	name: default
	...]
2019-09-06 16:48:55.157  INFO 12476 --- [restartedMain] org.hibernate.Version                    : HHH000412: Hibernate Core {5.3.11.Final}
2019-09-06 16:48:55.159  INFO 12476 --- [restartedMain] org.hibernate.cfg.Environment            : HHH000206: hibernate.properties not found
2019-09-06 16:48:55.345  INFO 12476 --- [restartedMain] o.hibernate.annotations.common.Version   : HCANN000001: Hibernate Commons Annotations {5.0.4.Final}
2019-09-06 16:48:55.482  INFO 12476 --- [restartedMain] org.hibernate.dialect.Dialect            : HHH000400: Using dialect: org.hibernate.dialect.MySQL5Dialect
2019-09-06 16:48:56.230  INFO 12476 --- [restartedMain] j.LocalContainerEntityManagerFactoryBean : Initialized JPA EntityManagerFactory for persistence unit 'default'
2019-09-06 16:48:56.293  INFO 12476 --- [restartedMain] o.s.b.d.a.OptionalLiveReloadServer       : LiveReload server is running on port 35729
2019-09-06 16:48:56.823  INFO 12476 --- [restartedMain] o.s.s.concurrent.ThreadPoolTaskExecutor  : Initializing ExecutorService 'applicationTaskExecutor'
2019-09-06 16:48:56.864  WARN 12476 --- [restartedMain] aWebConfiguration$JpaWebMvcConfiguration : spring.jpa.open-in-view is enabled by default. Therefore, database queries may be performed during view rendering. Explicitly configure spring.jpa.open-in-view to disable this warning
2019-09-06 16:48:57.171  INFO 12476 --- [restartedMain] o.s.b.w.embedded.tomcat.TomcatWebServer  : Tomcat started on port(s): 8080 (http) with context path ''
2019-09-06 16:48:57.175  INFO 12476 --- [restartedMain] com.jnshu.json.JsonApplication           : Started JsonApplication in 8.16 seconds (JVM running for 10.211)
2019-09-06 16:49:12.702  INFO 12476 --- [http-nio-8080-exec-1] o.a.c.c.C.[Tomcat].[localhost].[/]       : Initializing Spring DispatcherServlet 'dispatcherServlet'
2019-09-06 16:49:12.703  INFO 12476 --- [http-nio-8080-exec-1] o.s.web.servlet.DispatcherServlet        : Initializing Servlet 'dispatcherServlet'
2019-09-06 16:49:12.712  INFO 12476 --- [http-nio-8080-exec-1] o.s.web.servlet.DispatcherServlet        : Completed initialization in 8 ms
2019-09-06 16:49:29.735  INFO 12476 --- [http-nio-8080-exec-4] com.jnshu.json.web.StudentController     : springboot接受到浏览器以JSON格式提交的数据：Student{id=123, name='张三', type='java工程师', wish='好好学习天天向上！'}
2019-09-06 16:59:51.961  INFO 228 --- [restartedMain] com.jnshu.json.JsonApplication           : Starting JsonApplication on DESKTOP-RC36OUC with PID 228 (C:\Task9\json\target\classes started by liweichuan in C:\Task9\json)
2019-09-06 16:59:51.964 DEBUG 228 --- [restartedMain] com.jnshu.json.JsonApplication           : Running with Spring Boot v2.1.8.RELEASE, Spring v5.1.9.RELEASE
2019-09-06 16:59:51.965  INFO 228 --- [restartedMain] com.jnshu.json.JsonApplication           : The following profiles are active: test
2019-09-06 16:59:52.093  INFO 228 --- [restartedMain] .e.DevToolsPropertyDefaultsPostProcessor : Devtools property defaults active! Set 'spring.devtools.add-properties' to 'false' to disable
2019-09-06 16:59:52.093  INFO 228 --- [restartedMain] .e.DevToolsPropertyDefaultsPostProcessor : For additional web related logging consider setting the 'logging.level.web' property to 'DEBUG'
2019-09-06 16:59:53.503  INFO 228 --- [restartedMain] .s.d.r.c.RepositoryConfigurationDelegate : Bootstrapping Spring Data repositories in DEFAULT mode.
2019-09-06 16:59:53.594  INFO 228 --- [restartedMain] .s.d.r.c.RepositoryConfigurationDelegate : Finished Spring Data repository scanning in 78ms. Found 2 repository interfaces.
2019-09-06 16:59:54.075  INFO 228 --- [restartedMain] trationDelegate$BeanPostProcessorChecker : Bean 'org.springframework.transaction.annotation.ProxyTransactionManagementConfiguration' of type [org.springframework.transaction.annotation.ProxyTransactionManagementConfiguration$$EnhancerBySpringCGLIB$$f467fd22] is not eligible for getting processed by all BeanPostProcessors (for example: not eligible for auto-proxying)
2019-09-06 16:59:54.448  INFO 228 --- [restartedMain] o.s.b.w.embedded.tomcat.TomcatWebServer  : Tomcat initialized with port(s): 8080 (http)
2019-09-06 16:59:54.472  INFO 228 --- [restartedMain] o.apache.catalina.core.StandardService   : Starting service [Tomcat]
2019-09-06 16:59:54.473  INFO 228 --- [restartedMain] org.apache.catalina.core.StandardEngine  : Starting Servlet engine: [Apache Tomcat/9.0.24]
2019-09-06 16:59:54.479  INFO 228 --- [restartedMain] o.a.catalina.core.AprLifecycleListener   : An older version [1.2.21] of the APR based Apache Tomcat Native library is installed, while Tomcat recommends a minimum version of [1.2.23]
2019-09-06 16:59:54.480  INFO 228 --- [restartedMain] o.a.catalina.core.AprLifecycleListener   : Loaded APR based Apache Tomcat Native library [1.2.21] using APR version [1.6.5].
2019-09-06 16:59:54.480  INFO 228 --- [restartedMain] o.a.catalina.core.AprLifecycleListener   : APR capabilities: IPv6 [true], sendfile [true], accept filters [false], random [true].
2019-09-06 16:59:54.480  INFO 228 --- [restartedMain] o.a.catalina.core.AprLifecycleListener   : APR/OpenSSL configuration: useAprConnector [false], useOpenSSL [true]
2019-09-06 16:59:54.484  INFO 228 --- [restartedMain] o.a.catalina.core.AprLifecycleListener   : OpenSSL successfully initialized [OpenSSL 1.1.1a  20 Nov 2018]
2019-09-06 16:59:54.772  INFO 228 --- [restartedMain] org.apache.jasper.servlet.TldScanner     : At least one JAR was scanned for TLDs yet contained no TLDs. Enable debug logging for this logger for a complete list of JARs that were scanned but no TLDs were found in them. Skipping unneeded JARs during scanning can improve startup time and JSP compilation time.
2019-09-06 16:59:54.777  INFO 228 --- [restartedMain] o.a.c.c.C.[Tomcat].[localhost].[/]       : Initializing Spring embedded WebApplicationContext
2019-09-06 16:59:54.778  INFO 228 --- [restartedMain] o.s.web.context.ContextLoader            : Root WebApplicationContext: initialization completed in 2683 ms
2019-09-06 16:59:54.830  INFO 228 --- [restartedMain] c.a.d.s.b.a.DruidDataSourceAutoConfigure : Init DruidDataSource
2019-09-06 16:59:57.021  INFO 228 --- [restartedMain] com.alibaba.druid.pool.DruidDataSource   : {dataSource-1} inited
2019-09-06 16:59:57.134  INFO 228 --- [restartedMain] o.hibernate.jpa.internal.util.LogHelper  : HHH000204: Processing PersistenceUnitInfo [
	name: default
	...]
2019-09-06 16:59:57.196  INFO 228 --- [restartedMain] org.hibernate.Version                    : HHH000412: Hibernate Core {5.3.11.Final}
2019-09-06 16:59:57.197  INFO 228 --- [restartedMain] org.hibernate.cfg.Environment            : HHH000206: hibernate.properties not found
2019-09-06 16:59:57.391  INFO 228 --- [restartedMain] o.hibernate.annotations.common.Version   : HCANN000001: Hibernate Commons Annotations {5.0.4.Final}
2019-09-06 16:59:57.513  INFO 228 --- [restartedMain] org.hibernate.dialect.Dialect            : HHH000400: Using dialect: org.hibernate.dialect.MySQL5Dialect
2019-09-06 16:59:58.179  INFO 228 --- [restartedMain] j.LocalContainerEntityManagerFactoryBean : Initialized JPA EntityManagerFactory for persistence unit 'default'
2019-09-06 16:59:58.216  INFO 228 --- [restartedMain] o.s.b.d.a.OptionalLiveReloadServer       : LiveReload server is running on port 35729
2019-09-06 16:59:58.693  INFO 228 --- [restartedMain] o.s.s.concurrent.ThreadPoolTaskExecutor  : Initializing ExecutorService 'applicationTaskExecutor'
2019-09-06 16:59:58.730  WARN 228 --- [restartedMain] aWebConfiguration$JpaWebMvcConfiguration : spring.jpa.open-in-view is enabled by default. Therefore, database queries may be performed during view rendering. Explicitly configure spring.jpa.open-in-view to disable this warning
2019-09-06 16:59:58.944  INFO 228 --- [restartedMain] o.s.b.w.embedded.tomcat.TomcatWebServer  : Tomcat started on port(s): 8080 (http) with context path ''
2019-09-06 16:59:58.947  INFO 228 --- [restartedMain] com.jnshu.json.JsonApplication           : Started JsonApplication in 7.553 seconds (JVM running for 8.843)
2019-09-06 17:00:16.235  INFO 228 --- [http-nio-8080-exec-1] o.a.c.c.C.[Tomcat].[localhost].[/]       : Initializing Spring DispatcherServlet 'dispatcherServlet'
2019-09-06 17:00:16.236  INFO 228 --- [http-nio-8080-exec-1] o.s.web.servlet.DispatcherServlet        : Initializing Servlet 'dispatcherServlet'
2019-09-06 17:00:16.244  INFO 228 --- [http-nio-8080-exec-1] o.s.web.servlet.DispatcherServlet        : Completed initialization in 8 ms
2019-09-06 17:00:18.126  INFO 228 --- [http-nio-8080-exec-3] com.jnshu.json.web.StudentController     : 传入id3
2019-09-06 17:00:18.689  INFO 228 --- [http-nio-8080-exec-3] com.jnshu.json.web.StudentController     : Student{id=3, name='小明明', type='JAVA', wish='不能学好，就枣不到铝朋友。'}
2019-09-06 17:06:21.393  INFO 5568 --- [restartedMain] com.jnshu.json.JsonApplication           : Starting JsonApplication on DESKTOP-RC36OUC with PID 5568 (C:\Task9\json\target\classes started by liweichuan in C:\Task9\json)
2019-09-06 17:06:21.397 DEBUG 5568 --- [restartedMain] com.jnshu.json.JsonApplication           : Running with Spring Boot v2.1.8.RELEASE, Spring v5.1.9.RELEASE
2019-09-06 17:06:21.397  INFO 5568 --- [restartedMain] com.jnshu.json.JsonApplication           : The following profiles are active: test
2019-09-06 17:06:21.499  INFO 5568 --- [restartedMain] .e.DevToolsPropertyDefaultsPostProcessor : Devtools property defaults active! Set 'spring.devtools.add-properties' to 'false' to disable
2019-09-06 17:06:21.500  INFO 5568 --- [restartedMain] .e.DevToolsPropertyDefaultsPostProcessor : For additional web related logging consider setting the 'logging.level.web' property to 'DEBUG'
2019-09-06 17:06:23.001  INFO 5568 --- [restartedMain] .s.d.r.c.RepositoryConfigurationDelegate : Bootstrapping Spring Data repositories in DEFAULT mode.
2019-09-06 17:06:23.103  INFO 5568 --- [restartedMain] .s.d.r.c.RepositoryConfigurationDelegate : Finished Spring Data repository scanning in 92ms. Found 2 repository interfaces.
2019-09-06 17:06:23.648  INFO 5568 --- [restartedMain] trationDelegate$BeanPostProcessorChecker : Bean 'org.springframework.transaction.annotation.ProxyTransactionManagementConfiguration' of type [org.springframework.transaction.annotation.ProxyTransactionManagementConfiguration$$EnhancerBySpringCGLIB$$f8838538] is not eligible for getting processed by all BeanPostProcessors (for example: not eligible for auto-proxying)
2019-09-06 17:06:24.083  INFO 5568 --- [restartedMain] o.s.b.w.embedded.tomcat.TomcatWebServer  : Tomcat initialized with port(s): 8080 (http)
2019-09-06 17:06:24.181  INFO 5568 --- [restartedMain] o.apache.catalina.core.StandardService   : Starting service [Tomcat]
2019-09-06 17:06:24.181  INFO 5568 --- [restartedMain] org.apache.catalina.core.StandardEngine  : Starting Servlet engine: [Apache Tomcat/9.0.24]
2019-09-06 17:06:24.191  INFO 5568 --- [restartedMain] o.a.catalina.core.AprLifecycleListener   : An older version [1.2.21] of the APR based Apache Tomcat Native library is installed, while Tomcat recommends a minimum version of [1.2.23]
2019-09-06 17:06:24.193  INFO 5568 --- [restartedMain] o.a.catalina.core.AprLifecycleListener   : Loaded APR based Apache Tomcat Native library [1.2.21] using APR version [1.6.5].
2019-09-06 17:06:24.194  INFO 5568 --- [restartedMain] o.a.catalina.core.AprLifecycleListener   : APR capabilities: IPv6 [true], sendfile [true], accept filters [false], random [true].
2019-09-06 17:06:24.195  INFO 5568 --- [restartedMain] o.a.catalina.core.AprLifecycleListener   : APR/OpenSSL configuration: useAprConnector [false], useOpenSSL [true]
2019-09-06 17:06:24.201  INFO 5568 --- [restartedMain] o.a.catalina.core.AprLifecycleListener   : OpenSSL successfully initialized [OpenSSL 1.1.1a  20 Nov 2018]
2019-09-06 17:06:24.540  INFO 5568 --- [restartedMain] org.apache.jasper.servlet.TldScanner     : At least one JAR was scanned for TLDs yet contained no TLDs. Enable debug logging for this logger for a complete list of JARs that were scanned but no TLDs were found in them. Skipping unneeded JARs during scanning can improve startup time and JSP compilation time.
2019-09-06 17:06:24.550  INFO 5568 --- [restartedMain] o.a.c.c.C.[Tomcat].[localhost].[/]       : Initializing Spring embedded WebApplicationContext
2019-09-06 17:06:24.550  INFO 5568 --- [restartedMain] o.s.web.context.ContextLoader            : Root WebApplicationContext: initialization completed in 3050 ms
2019-09-06 17:06:24.615  INFO 5568 --- [restartedMain] c.a.d.s.b.a.DruidDataSourceAutoConfigure : Init DruidDataSource
2019-09-06 17:06:26.935  INFO 5568 --- [restartedMain] com.alibaba.druid.pool.DruidDataSource   : {dataSource-1} inited
2019-09-06 17:06:27.063  INFO 5568 --- [restartedMain] o.hibernate.jpa.internal.util.LogHelper  : HHH000204: Processing PersistenceUnitInfo [
	name: default
	...]
2019-09-06 17:06:27.135  INFO 5568 --- [restartedMain] org.hibernate.Version                    : HHH000412: Hibernate Core {5.3.11.Final}
2019-09-06 17:06:27.136  INFO 5568 --- [restartedMain] org.hibernate.cfg.Environment            : HHH000206: hibernate.properties not found
2019-09-06 17:06:27.392  INFO 5568 --- [restartedMain] o.hibernate.annotations.common.Version   : HCANN000001: Hibernate Commons Annotations {5.0.4.Final}
2019-09-06 17:06:27.682  INFO 5568 --- [restartedMain] org.hibernate.dialect.Dialect            : HHH000400: Using dialect: org.hibernate.dialect.MySQL5Dialect
2019-09-06 17:06:28.526  INFO 5568 --- [restartedMain] j.LocalContainerEntityManagerFactoryBean : Initialized JPA EntityManagerFactory for persistence unit 'default'
2019-09-06 17:06:28.564  INFO 5568 --- [restartedMain] o.s.b.d.a.OptionalLiveReloadServer       : LiveReload server is running on port 35729
2019-09-06 17:06:29.067  INFO 5568 --- [restartedMain] o.s.s.concurrent.ThreadPoolTaskExecutor  : Initializing ExecutorService 'applicationTaskExecutor'
2019-09-06 17:06:29.103  WARN 5568 --- [restartedMain] aWebConfiguration$JpaWebMvcConfiguration : spring.jpa.open-in-view is enabled by default. Therefore, database queries may be performed during view rendering. Explicitly configure spring.jpa.open-in-view to disable this warning
2019-09-06 17:06:29.310  INFO 5568 --- [restartedMain] o.s.b.w.embedded.tomcat.TomcatWebServer  : Tomcat started on port(s): 8080 (http) with context path ''
2019-09-06 17:06:29.313  INFO 5568 --- [restartedMain] com.jnshu.json.JsonApplication           : Started JsonApplication in 8.501 seconds (JVM running for 9.81)
2019-09-06 17:06:42.730  INFO 5568 --- [http-nio-8080-exec-1] o.a.c.c.C.[Tomcat].[localhost].[/]       : Initializing Spring DispatcherServlet 'dispatcherServlet'
2019-09-06 17:06:42.731  INFO 5568 --- [http-nio-8080-exec-1] o.s.web.servlet.DispatcherServlet        : Initializing Servlet 'dispatcherServlet'
2019-09-06 17:06:42.737  INFO 5568 --- [http-nio-8080-exec-1] o.s.web.servlet.DispatcherServlet        : Completed initialization in 6 ms
2019-09-06 17:06:45.640  INFO 5568 --- [http-nio-8080-exec-3] o.h.h.i.QueryTranslatorFactoryInitiator  : HHH000397: Using ASTQueryTranslatorFactory
